# JRE version: Java(TM) SE Runtime Environment (8.0_66-b18) (build 1.8.0_66-b18)
# Java VM: Java HotSpot(TM) 64-Bit Server VM (25.66-b18 mixed mode windows-amd64 compressed oops)
Heap:
 PSYoungGen      total 83456K, used 6087K [0x00000000d5580000, 0x00000000dc100000, 0x0000000100000000)
  eden space 72192K, 8% used [0x00000000d5580000,0x00000000d5b71fc0,0x00000000d9c00000)
  from space 11264K, 0% used [0x00000000d9c00000,0x00000000d9c00000,0x00000000da700000)
  to   space 13312K, 0% used [0x00000000db400000,0x00000000db400000,0x00000000dc100000)
 ParOldGen       total 210432K, used 13894K [0x0000000080000000, 0x000000008cd80000, 0x00000000d5580000)
  object space 210432K, 6% used [0x0000000080000000,0x0000000080d91960,0x000000008cd80000)
 Metaspace       used 98368K, capacity 98570K, committed 98752K, reserved 1140736K
  class space    used 8029K, capacity 8093K, committed 8128K, reserved 1048576K
GC Heap History (10 events):
Event: 2.638 GC heap before
{Heap before GC invocations=9 (full 3):
 PSYoungGen      total 63488K, used 3919K [0x00000000d5580000, 0x00000000d9d80000, 0x0000000100000000)
  eden space 55296K, 0% used [0x00000000d5580000,0x00000000d5580000,0x00000000d8b80000)
  from space 8192K, 47% used [0x00000000d9580000,0x00000000d9953fc0,0x00000000d9d80000)
  to   space 9216K, 0% used [0x00000000d8b80000,0x00000000d8b80000,0x00000000d9480000)
 ParOldGen       total 102400K, used 4886K [0x0000000080000000, 0x0000000086400000, 0x00000000d5580000)
  object space 102400K, 4% used [0x0000000080000000,0x00000000804c5ba8,0x0000000086400000)
 Metaspace       used 58137K, capacity 58944K, committed 59096K, reserved 1103872K
  class space    used 4886K, capacity 4912K, committed 4992K, reserved 1048576K
Event: 2.686 GC heap after
Heap after GC invocations=9 (full 3):
 PSYoungGen      total 63488K, used 0K [0x00000000d5580000, 0x00000000d9d80000, 0x0000000100000000)
  eden space 55296K, 0% used [0x00000000d5580000,0x00000000d5580000,0x00000000d8b80000)
  from space 8192K, 0% used [0x00000000d9580000,0x00000000d9580000,0x00000000d9d80000)
  to   space 9216K, 0% used [0x00000000d8b80000,0x00000000d8b80000,0x00000000d9480000)
 ParOldGen       total 144384K, used 4958K [0x0000000080000000, 0x0000000088d00000, 0x00000000d5580000)
  object space 144384K, 3% used [0x0000000080000000,0x00000000804d7a40,0x0000000088d00000)
 Metaspace       used 58137K, capacity 58944K, committed 59096K, reserved 1103872K
  class space    used 4886K, capacity 4912K, committed 4992K, reserved 1048576K
}
Event: 3.343 GC heap before
{Heap before GC invocations=10 (full 3):
 PSYoungGen      total 63488K, used 55296K [0x00000000d5580000, 0x00000000d9d80000, 0x0000000100000000)
  eden space 55296K, 100% used [0x00000000d5580000,0x00000000d8b80000,0x00000000d8b80000)
  from space 8192K, 0% used [0x00000000d9580000,0x00000000d9580000,0x00000000d9d80000)
  to   space 9216K, 0% used [0x00000000d8b80000,0x00000000d8b80000,0x00000000d9480000)
 ParOldGen       total 144384K, used 4958K [0x0000000080000000, 0x0000000088d00000, 0x00000000d5580000)
  object space 144384K, 3% used [0x0000000080000000,0x00000000804d7a40,0x0000000088d00000)
 Metaspace       used 76866K, capacity 77696K, committed 77952K, reserved 1120256K
  class space    used 6184K, capacity 6192K, committed 6272K, reserved 1048576K
Event: 3.358 GC heap after
Heap after GC invocations=10 (full 3):
 PSYoungGen      total 64512K, used 7524K [0x00000000d5580000, 0x00000000db080000, 0x0000000100000000)
  eden space 55296K, 0% used [0x00000000d5580000,0x00000000d5580000,0x00000000d8b80000)
  from space 9216K, 81% used [0x00000000d8b80000,0x00000000d92d9048,0x00000000d9480000)
  to   space 9728K, 0% used [0x00000000da700000,0x00000000da700000,0x00000000db080000)
 ParOldGen       total 144384K, used 4958K [0x0000000080000000, 0x0000000088d00000, 0x00000000d5580000)
  object space 144384K, 3% used [0x0000000080000000,0x00000000804d7a40,0x0000000088d00000)
 Metaspace       used 76866K, capacity 77696K, committed 77952K, reserved 1120256K
  class space    used 6184K, capacity 6192K, committed 6272K, reserved 1048576K
}
Event: 4.374 GC heap before
{Heap before GC invocations=11 (full 3):
 PSYoungGen      total 64512K, used 62820K [0x00000000d5580000, 0x00000000db080000, 0x0000000100000000)
  eden space 55296K, 100% used [0x00000000d5580000,0x00000000d8b80000,0x00000000d8b80000)
  from space 9216K, 81% used [0x00000000d8b80000,0x00000000d92d9048,0x00000000d9480000)
  to   space 9728K, 0% used [0x00000000da700000,0x00000000da700000,0x00000000db080000)
 ParOldGen       total 144384K, used 4958K [0x0000000080000000, 0x0000000088d00000, 0x00000000d5580000)
  object space 144384K, 3% used [0x0000000080000000,0x00000000804d7a40,0x0000000088d00000)
 Metaspace       used 94563K, capacity 94664K, committed 94720K, reserved 1136640K
  class space    used 7639K, capacity 7664K, committed 7680K, reserved 1048576K
Event: 4.407 GC heap after
Heap after GC invocations=11 (full 3):
 PSYoungGen      total 81920K, used 9700K [0x00000000d5580000, 0x00000000db280000, 0x0000000100000000)
  eden space 72192K, 0% used [0x00000000d5580000,0x00000000d5580000,0x00000000d9c00000)
  from space 9728K, 99% used [0x00000000da700000,0x00000000db079188,0x00000000db080000)
  to   space 11264K, 0% used [0x00000000d9c00000,0x00000000d9c00000,0x00000000da700000)
 ParOldGen       total 144384K, used 5143K [0x0000000080000000, 0x0000000088d00000, 0x00000000d5580000)
  object space 144384K, 3% used [0x0000000080000000,0x0000000080505fc0,0x0000000088d00000)
 Metaspace       used 94563K, capacity 94664K, committed 94720K, reserved 1136640K
  class space    used 7639K, capacity 7664K, committed 7680K, reserved 1048576K
}
Event: 19.059 GC heap before
{Heap before GC invocations=12 (full 3):
 PSYoungGen      total 81920K, used 42807K [0x00000000d5580000, 0x00000000db280000, 0x0000000100000000)
  eden space 72192K, 45% used [0x00000000d5580000,0x00000000d75d4c88,0x00000000d9c00000)
  from space 9728K, 99% used [0x00000000da700000,0x00000000db079188,0x00000000db080000)
  to   space 11264K, 0% used [0x00000000d9c00000,0x00000000d9c00000,0x00000000da700000)
 ParOldGen       total 144384K, used 5143K [0x0000000080000000, 0x0000000088d00000, 0x00000000d5580000)
  object space 144384K, 3% used [0x0000000080000000,0x0000000080505fc0,0x0000000088d00000)
 Metaspace       used 98165K, capacity 98378K, committed 98496K, reserved 1140736K
  class space    used 8017K, capacity 8093K, committed 8128K, reserved 1048576K
Event: 19.076 GC heap after
Heap after GC invocations=12 (full 3):
 PSYoungGen      total 83456K, used 11248K [0x00000000d5580000, 0x00000000dc100000, 0x0000000100000000)
  eden space 72192K, 0% used [0x00000000d5580000,0x00000000d5580000,0x00000000d9c00000)
  from space 11264K, 99% used [0x00000000d9c00000,0x00000000da6fc030,0x00000000da700000)
  to   space 13312K, 0% used [0x00000000db400000,0x00000000db400000,0x00000000dc100000)
 ParOldGen       total 144384K, used 6218K [0x0000000080000000, 0x0000000088d00000, 0x00000000d5580000)
  object space 144384K, 4% used [0x0000000080000000,0x0000000080612af0,0x0000000088d00000)
 Metaspace       used 98165K, capacity 98378K, committed 98496K, reserved 1140736K
  class space    used 8017K, capacity 8093K, committed 8128K, reserved 1048576K
}
Event: 19.076 GC heap before
{Heap before GC invocations=13 (full 4):
 PSYoungGen      total 83456K, used 11248K [0x00000000d5580000, 0x00000000dc100000, 0x0000000100000000)
  eden space 72192K, 0% used [0x00000000d5580000,0x00000000d5580000,0x00000000d9c00000)
  from space 11264K, 99% used [0x00000000d9c00000,0x00000000da6fc030,0x00000000da700000)
  to   space 13312K, 0% used [0x00000000db400000,0x00000000db400000,0x00000000dc100000)
 ParOldGen       total 144384K, used 6218K [0x0000000080000000, 0x0000000088d00000, 0x00000000d5580000)
  object space 144384K, 4% used [0x0000000080000000,0x0000000080612af0,0x0000000088d00000)
 Metaspace       used 98165K, capacity 98378K, committed 98496K, reserved 1140736K
  class space    used 8017K, capacity 8093K, committed 8128K, reserved 1048576K
Event: 19.260 GC heap after
Heap after GC invocations=13 (full 4):
 PSYoungGen      total 83456K, used 0K [0x00000000d5580000, 0x00000000dc100000, 0x0000000100000000)
  eden space 72192K, 0% used [0x00000000d5580000,0x00000000d5580000,0x00000000d9c00000)
  from space 11264K, 0% used [0x00000000d9c00000,0x00000000d9c00000,0x00000000da700000)
  to   space 13312K, 0% used [0x00000000db400000,0x00000000db400000,0x00000000dc100000)
 ParOldGen       total 210432K, used 13894K [0x0000000080000000, 0x000000008cd80000, 0x00000000d5580000)
  object space 210432K, 6% used [0x0000000080000000,0x0000000080d91960,0x000000008cd80000)
 Metaspace       used 98165K, capacity 98378K, committed 98496K, reserved 1140736K
  class space    used 8017K, capacity 8093K, committed 8128K, reserved 1048576K
}

